#
# A fatal error has been detected by the Java Runtime Environment:
#
#  SIGSEGV (0xb) at pc=0x00007f9d2567f60e, pid=20899, tid=140313696261888
#
# JRE version: 6.0_21-b06
# Java VM: Java HotSpot(TM) 64-Bit Server VM (17.0-b16 mixed mode linux-amd64 )
# Problematic frame:
# C  [libgdk-x11-2.0.so.0+0x6f60e]  gdk_window_enable_synchronized_configure+0xe
#
# If you would like to submit a bug report, please visit:
#   http://java.sun.com/webapps/bugreport/crash.jsp
# The crash happened outside the Java Virtual Machine in native code.
# See problematic frame for where to report the bug.
#

---------------  T H R E A D  ---------------

Current thread (0x00000000412aa800):  JavaThread "main" [_thread_in_native, id=20900, stack(0x00007f9d53f5d000,0x00007f9d5405e000)]

siginfo:si_signo=SIGSEGV: si_errno=0, si_code=1 (SEGV_MAPERR), si_addr=0x0000000000000018

Registers:
RAX=0x0000000000000000, RBX=0x00007f9d2013e060, RCX=0x00007f9d5405d700, RDX=0x0000000000000000
RSP=0x00007f9d5405bc20, RBP=0x00007f9d2013e150, RSI=0x0000000000000000, RDI=0x0000000000000000
R8 =0x00007f9d20153e60, R9 =0x0000000000000001, R10=0x00007f9d5405b9e0, R11=0x00007f9d2567f600
R12=0x00007f9d5405bc70, R13=0x0000000000000000, R14=0x0000000000000260, R15=0x0000000000000000
RIP=0x00007f9d2567f60e, EFL=0x0000000000010202, CSGSFS=0x0000000000000033, ERR=0x0000000000000004
  TRAPNO=0x000000000000000e

Top of Stack: (sp=0x00007f9d5405bc20)
0x00007f9d5405bc20:   0000000000000001 00007f9d2013e060
0x00007f9d5405bc30:   00007f9d2013e150 00007f9d1c938a69
0x00007f9d5405bc40:   0000000000000001 00007f9d5405be20
0x00007f9d5405bc50:   0000000000000000 00007f9d1c921eb6
0x00007f9d5405bc60:   00007f9d20143070 00007f9d1c926af5
0x00007f9d5405bc70:   00007f9d2011b490 00007f9d0000fc02
0x00007f9d5405bc80:   000001c75405c100 0000000000000127
0x00007f9d5405bc90:   0000000000000000 0000000000000000
0x00007f9d5405bca0:   0000000000000001 00007f9d1c921eb6
0x00007f9d5405bcb0:   00007f9d2013d180 00007f9d2013d0b0
0x00007f9d5405bcc0:   0000000000000001 00007f9d25ffe3b5
0x00007f9d5405bcd0:   00007f9d20151480 00007f9d1c9388a0
0x00007f9d5405bce0:   00007f9d20151480 00007f9d25ffe3b5
0x00007f9d5405bcf0:   00007f9d2016f4a0 0000000000000000
0x00007f9d5405bd00:   00007f9d20151480 0000000000000001
0x00007f9d5405bd10:   00007f9d5405be50 00007f9d25fdb5de
0x00007f9d5405bd20:   00007f9d40008002 00007f9d25618268
0x00007f9d5405bd30:   00007f9d5405bf38 000000000000002e
0x00007f9d5405bd40:   0000000000008001 00007f9d20171cb0
0x00007f9d5405bd50:   0000000040008002 00007f9d5531aa00
0x00007f9d5405bd60:   00007f9d25dc7788 00007f9d20171cb0
0x00007f9d5405bd70:   0000000000000000 00007f9d2016f510
0x00007f9d5405bd80:   0000000000000000 00007f9d5531aa00
0x00007f9d5405bd90:   00007f9d25dc7788 0000000000000001
0x00007f9d5405bda0:   00007f9d2013d158 00007f9d25feee61
0x00007f9d5405bdb0:   000000005405bf00 0000002000000000
0x00007f9d5405bdc0:   00007f9d2013d158 00007f9d5405be70
0x00007f9d5405bdd0:   00007f9d5405be50 00007f9d20151480
0x00007f9d5405bde0:   0000000020171cb0 0000000000000000
0x00007f9d5405bdf0:   00007f9d5405be90 00007f9d2013e060
0x00007f9d5405be00:   0100000000000000 000000000000000b
0x00007f9d5405be10:   00007f9d2016f510 00007f9d2016f4a0 

Instructions: (pc=0x00007f9d2567f60e)
0x00007f9d2567f5fe:   00 00 48 89 6c 24 f8 48 89 5c 24 f0 48 83 ec 18
0x00007f9d2567f60e:   48 8b 5f 18 48 89 fd e8 16 ff ff ff 48 85 db 74 

Stack: [0x00007f9d53f5d000,0x00007f9d5405e000],  sp=0x00007f9d5405bc20,  free space=3fb0000000000000018k
Native frames: (J=compiled Java code, j=interpreted, Vv=VM code, C=native code)
C  [libgdk-x11-2.0.so.0+0x6f60e]  gdk_window_enable_synchronized_configure+0xe

Java frames: (J=compiled Java code, j=interpreted, Vv=VM code)
j  org.eclipse.equinox.launcher.JNIBridge._show_splash(Ljava/lang/String;)V+0
j  org.eclipse.equinox.launcher.JNIBridge.showSplash(Ljava/lang/String;)Z+2
j  org.eclipse.equinox.launcher.Main.handleSplash([Ljava/net/URL;)V+157
j  org.eclipse.equinox.launcher.Main.basicRun([Ljava/lang/String;)V+116
j  org.eclipse.equinox.launcher.Main.run([Ljava/lang/String;)I+4
j  org.eclipse.equinox.launcher.Main.main([Ljava/lang/String;)V+10
v  ~StubRoutines::call_stub

---------------  P R O C E S S  ---------------

Java Threads: ( => current thread )
  0x00007f9d20001000 JavaThread "Low Memory Detector" daemon [_thread_blocked, id=20915, stack(0x00007f9d2644d000,0x00007f9d2654e000)]
  0x0000000041368000 JavaThread "CompilerThread1" daemon [_thread_blocked, id=20914, stack(0x00007f9d2654e000,0x00007f9d2664f000)]
  0x0000000041364800 JavaThread "CompilerThread0" daemon [_thread_blocked, id=20913, stack(0x00007f9d2664f000,0x00007f9d26750000)]
  0x0000000041362800 JavaThread "Signal Dispatcher" daemon [_thread_blocked, id=20912, stack(0x00007f9d26750000,0x00007f9d26851000)]
  0x000000004133d000 JavaThread "Finalizer" daemon [_thread_blocked, id=20911, stack(0x00007f9d26890000,0x00007f9d26991000)]
  0x000000004133b000 JavaThread "Reference Handler" daemon [_thread_blocked, id=20910, stack(0x00007f9d26991000,0x00007f9d26a92000)]
=>0x00000000412aa800 JavaThread "main" [_thread_in_native, id=20900, stack(0x00007f9d53f5d000,0x00007f9d5405e000)]

Other Threads:
  0x0000000041336800 VMThread [stack: 0x00007f9d26a92000,0x00007f9d26b93000] [id=20909]
  0x00007f9d2000c000 WatcherThread [stack: 0x00007f9d2634c000,0x00007f9d2644d000] [id=20916]

VM state:not at safepoint (normal execution)

VM Mutex/Monitor currently owned by a thread: None

Heap
 PSYoungGen      total 11968K, used 2117K [0x00007f9d480b0000, 0x00007f9d48e00000, 0x00007f9d500b0000)
  eden space 10304K, 20% used [0x00007f9d480b0000,0x00007f9d482c16e0,0x00007f9d48ac0000)
  from space 1664K, 0% used [0x00007f9d48c60000,0x00007f9d48c60000,0x00007f9d48e00000)
  to   space 1664K, 0% used [0x00007f9d48ac0000,0x00007f9d48ac0000,0x00007f9d48c60000)
 PSOldGen        total 27328K, used 0K [0x00007f9d380b0000, 0x00007f9d39b60000, 0x00007f9d480b0000)
  object space 27328K, 0% used [0x00007f9d380b0000,0x00007f9d380b0000,0x00007f9d39b60000)
 PSPermGen       total 21248K, used 4837K [0x00007f9d280b0000, 0x00007f9d29570000, 0x00007f9d380b0000)
  object space 21248K, 22% used [0x00007f9d280b0000,0x00007f9d285695b8,0x00007f9d29570000)

Dynamic libraries:
40000000-40009000 r-xp 00000000 00:18 67921037                           /usr/local/packages/jdk1.6.0_21/bin/java
40108000-4010a000 rwxp 00008000 00:18 67921037                           /usr/local/packages/jdk1.6.0_21/bin/java
412a1000-41634000 rwxp 00000000 00:00 0                                  [heap]
7f9d1c140000-7f9d1c1a3000 rwxp 00000000 00:00 0 
7f9d1c1a3000-7f9d1c1a7000 r-xp 00000000 08:06 217067                     /usr/lib/gtk-2.0/2.10.0/loaders/libpixbufloader-bmp.so
7f9d1c1a7000-7f9d1c3a6000 ---p 00004000 08:06 217067                     /usr/lib/gtk-2.0/2.10.0/loaders/libpixbufloader-bmp.so
7f9d1c3a6000-7f9d1c3a7000 r-xp 00003000 08:06 217067                     /usr/lib/gtk-2.0/2.10.0/loaders/libpixbufloader-bmp.so
7f9d1c3a7000-7f9d1c3a8000 rwxp 00004000 08:06 217067                     /usr/lib/gtk-2.0/2.10.0/loaders/libpixbufloader-bmp.so
7f9d1c4a8000-7f9d1c4c6000 r-xp 00000000 08:06 117516876                  /usr/lib/libatk-1.0.so.0.3009.1
7f9d1c4c6000-7f9d1c6c6000 ---p 0001e000 08:06 117516876                  /usr/lib/libatk-1.0.so.0.3009.1
7f9d1c6c6000-7f9d1c6c8000 r-xp 0001e000 08:06 117516876                  /usr/lib/libatk-1.0.so.0.3009.1
7f9d1c6c8000-7f9d1c6c9000 rwxp 00020000 08:06 117516876                  /usr/lib/libatk-1.0.so.0.3009.1
7f9d1c6c9000-7f9d1cade000 r-xp 00000000 08:06 117720867                  /usr/lib/libgtk-x11-2.0.so.0.2000.1
7f9d1cade000-7f9d1ccde000 ---p 00415000 08:06 117720867                  /usr/lib/libgtk-x11-2.0.so.0.2000.1
7f9d1ccde000-7f9d1cce5000 r-xp 00415000 08:06 117720867                  /usr/lib/libgtk-x11-2.0.so.0.2000.1
7f9d1cce5000-7f9d1cce9000 rwxp 0041c000 08:06 117720867                  /usr/lib/libgtk-x11-2.0.so.0.2000.1
7f9d1cce9000-7f9d1cceb000 rwxp 00000000 00:00 0 
7f9d1cceb000-7f9d1ccf0000 r-xp 00000000 08:06 117496139                  /usr/lib/libXdmcp.so.6.0.0
7f9d1ccf0000-7f9d1ceef000 ---p 00005000 08:06 117496139                  /usr/lib/libXdmcp.so.6.0.0
7f9d1ceef000-7f9d1cef0000 r-xp 00004000 08:06 117496139                  /usr/lib/libXdmcp.so.6.0.0
7f9d1cef0000-7f9d1cef1000 rwxp 00005000 08:06 117496139                  /usr/lib/libXdmcp.so.6.0.0
7f9d1cef1000-7f9d1cef3000 r-xp 00000000 08:06 117561375                  /usr/lib/libXau.so.6.0.0
7f9d1cef3000-7f9d1d0f3000 ---p 00002000 08:06 117561375                  /usr/lib/libXau.so.6.0.0
7f9d1d0f3000-7f9d1d0f4000 r-xp 00002000 08:06 117561375                  /usr/lib/libXau.so.6.0.0
7f9d1d0f4000-7f9d1d0f5000 rwxp 00003000 08:06 117561375                  /usr/lib/libXau.so.6.0.0
7f9d1d0f5000-7f9d1d111000 r-xp 00000000 08:06 83966182                   /lib/libselinux.so.1
7f9d1d111000-7f9d1d310000 ---p 0001c000 08:06 83966182                   /lib/libselinux.so.1
7f9d1d310000-7f9d1d311000 r-xp 0001b000 08:06 83966182                   /lib/libselinux.so.1
7f9d1d311000-7f9d1d312000 rwxp 0001c000 08:06 83966182                   /lib/libselinux.so.1
7f9d1d312000-7f9d1d313000 rwxp 00000000 00:00 0 
7f9d1d313000-7f9d1d329000 r-xp 00000000 08:06 84216334                   /lib/libresolv-2.11.1.so
7f9d1d329000-7f9d1d528000 ---p 00016000 08:06 84216334                   /lib/libresolv-2.11.1.so
7f9d1d528000-7f9d1d529000 r-xp 00015000 08:06 84216334                   /lib/libresolv-2.11.1.so
7f9d1d529000-7f9d1d52a000 rwxp 00016000 08:06 84216334                   /lib/libresolv-2.11.1.so
7f9d1d52a000-7f9d1d52c000 rwxp 00000000 00:00 0 
7f9d1d52c000-7f9d1d547000 r-xp 00000000 08:06 117561060                  /usr/lib/libxcb.so.1.1.0
7f9d1d547000-7f9d1d746000 ---p 0001b000 08:06 117561060                  /usr/lib/libxcb.so.1.1.0
7f9d1d746000-7f9d1d747000 r-xp 0001a000 08:06 117561060                  /usr/lib/libxcb.so.1.1.0
7f9d1d747000-7f9d1d748000 rwxp 0001b000 08:06 117561060                  /usr/lib/libxcb.so.1.1.0
7f9d1d748000-7f9d1d74f000 r-xp 00000000 08:06 117442559                  /usr/lib/libxcb-render.so.0.0.0
7f9d1d74f000-7f9d1d94f000 ---p 00007000 08:06 117442559                  /usr/lib/libxcb-render.so.0.0.0
7f9d1d94f000-7f9d1d950000 r-xp 00007000 08:06 117442559                  /usr/lib/libxcb-render.so.0.0.0
7f9d1d950000-7f9d1d951000 rwxp 00008000 08:06 117442559                  /usr/lib/libxcb-render.so.0.0.0
7f9d1d951000-7f9d1d954000 r-xp 00000000 08:06 117561359                  /usr/lib/libxcb-render-util.so.0.0.0
7f9d1d954000-7f9d1db53000 ---p 00003000 08:06 117561359                  /usr/lib/libxcb-render-util.so.0.0.0
7f9d1db53000-7f9d1db54000 r-xp 00002000 08:06 117561359                  /usr/lib/libxcb-render-util.so.0.0.0
7f9d1db54000-7f9d1db55000 rwxp 00003000 08:06 117561359                  /usr/lib/libxcb-render-util.so.0.0.0
7f9d1db55000-7f9d1db7a000 r-xp 00000000 08:06 83886214                   /lib/libpng12.so.0.42.0
7f9d1db7a000-7f9d1dd7a000 ---p 00025000 08:06 83886214                   /lib/libpng12.so.0.42.0
7f9d1dd7a000-7f9d1dd7b000 r-xp 00025000 08:06 83886214                   /lib/libpng12.so.0.42.0
7f9d1dd7b000-7f9d1dd7c000 rwxp 00026000 08:06 83886214                   /lib/libpng12.so.0.42.0
7f9d1dd7c000-7f9d1dd93000 r-xp 00000000 08:06 117441323                  /usr/lib/libdirect-1.2.so.0.8.0
7f9d1dd93000-7f9d1df92000 ---p 00017000 08:06 117441323                  /usr/lib/libdirect-1.2.so.0.8.0
7f9d1df92000-7f9d1df93000 r-xp 00016000 08:06 117441323                  /usr/lib/libdirect-1.2.so.0.8.0
7f9d1df93000-7f9d1df94000 rwxp 00017000 08:06 117441323                  /usr/lib/libdirect-1.2.so.0.8.0
7f9d1df94000-7f9d1df95000 rwxp 00000000 00:00 0 
7f9d1df95000-7f9d1df9e000 r-xp 00000000 08:06 117496053                  /usr/lib/libfusion-1.2.so.0.8.0
7f9d1df9e000-7f9d1e19d000 ---p 00009000 08:06 117496053                  /usr/lib/libfusion-1.2.so.0.8.0
7f9d1e19d000-7f9d1e19e000 r-xp 00008000 08:06 117496053                  /usr/lib/libfusion-1.2.so.0.8.0
7f9d1e19e000-7f9d1e19f000 rwxp 00009000 08:06 117496053                  /usr/lib/libfusion-1.2.so.0.8.0
7f9d1e19f000-7f9d1e21e000 r-xp 00000000 08:06 117496048                  /usr/lib/libdirectfb-1.2.so.0.8.0
7f9d1e21e000-7f9d1e41d000 ---p 0007f000 08:06 117496048                  /usr/lib/libdirectfb-1.2.so.0.8.0
7f9d1e41d000-7f9d1e41f000 r-xp 0007e000 08:06 117496048                  /usr/lib/libdirectfb-1.2.so.0.8.0
7f9d1e41f000-7f9d1e421000 rwxp 00080000 08:06 117496048                  /usr/lib/libdirectfb-1.2.so.0.8.0
7f9d1e421000-7f9d1e422000 rwxp 00000000 00:00 0 
7f9d1e422000-7f9d1e477000 r-xp 00000000 08:06 118043349                  /usr/lib/libpixman-1.so.0.16.4
7f9d1e477000-7f9d1e677000 ---p 00055000 08:06 118043349                  /usr/lib/libpixman-1.so.0.16.4
7f9d1e677000-7f9d1e67a000 r-xp 00055000 08:06 118043349                  /usr/lib/libpixman-1.so.0.16.4
7f9d1e67a000-7f9d1e67b000 rwxp 00058000 08:06 118043349                  /usr/lib/libpixman-1.so.0.16.4
7f9d1e67b000-7f9d1e6a1000 r-xp 00000000 08:06 83892990                   /lib/libexpat.so.1.5.2
7f9d1e6a1000-7f9d1e8a1000 ---p 00026000 08:06 83892990                   /lib/libexpat.so.1.5.2
7f9d1e8a1000-7f9d1e8a3000 r-xp 00026000 08:06 83892990                   /lib/libexpat.so.1.5.2
7f9d1e8a3000-7f9d1e8a4000 rwxp 00028000 08:06 83892990                   /lib/libexpat.so.1.5.2
7f9d1e8a4000-7f9d1e8ba000 r-xp 00000000 08:06 83886228                   /lib/libz.so.1.2.3.3
7f9d1e8ba000-7f9d1eab9000 ---p 00016000 08:06 83886228                   /lib/libz.so.1.2.3.3
7f9d1eab9000-7f9d1eaba000 r-xp 00015000 08:06 83886228                   /lib/libz.so.1.2.3.3
7f9d1eaba000-7f9d1eabb000 rwxp 00016000 08:06 83886228                   /lib/libz.so.1.2.3.3
7f9d1eabb000-7f9d1eb3b000 r-xp 00000000 08:06 117442616                  /usr/lib/libfreetype.so.6.3.22
7f9d1eb3b000-7f9d1ed3b000 ---p 00080000 08:06 117442616                  /usr/lib/libfreetype.so.6.3.22
7f9d1ed3b000-7f9d1ed40000 r-xp 00080000 08:06 117442616                  /usr/lib/libfreetype.so.6.3.22
7f9d1ed40000-7f9d1ed41000 rwxp 00085000 08:06 117442616                  /usr/lib/libfreetype.so.6.3.22
7f9d1ed41000-7f9d1ed69000 r-xp 00000000 08:06 118034727                  /usr/lib/libpangoft2-1.0.so.0.2800.0
7f9d1ed69000-7f9d1ef69000 ---p 00028000 08:06 118034727                  /usr/lib/libpangoft2-1.0.so.0.2800.0
7f9d1ef69000-7f9d1ef6a000 r-xp 00028000 08:06 118034727                  /usr/lib/libpangoft2-1.0.so.0.2800.0
7f9d1ef6a000-7f9d1ef6b000 rwxp 00029000 08:06 118034727                  /usr/lib/libpangoft2-1.0.so.0.2800.0
7f9d1ef6b000-7f9d1ef6e000 r-xp 00000000 08:06 117441016                  /usr/lib/libgmodule-2.0.so.0.2400.1
7f9d1ef6e000-7f9d1f16d000 ---p 00003000 08:06 117441016                  /usr/lib/libgmodule-2.0.so.0.2400.1
7f9d1f16d000-7f9d1f16e000 r-xp 00002000 08:06 117441016                  /usr/lib/libgmodule-2.0.so.0.2400.1
7f9d1f16e000-7f9d1f16f000 rwxp 00003000 08:06 117441016                  /usr/lib/libgmodule-2.0.so.0.2400.1
7f9d1f16f000-7f9d1f21e000 r-xp 00000000 08:06 117441308                  /usr/lib/libgio-2.0.so.0.2400.1
7f9d1f21e000-7f9d1f41d000 ---p 000af000 08:06 117441308                  /usr/lib/libgio-2.0.so.0.2400.1
7f9d1f41d000-7f9d1f41f000 r-xp 000ae000 08:06 117441308                  /usr/lib/libgio-2.0.so.0.2400.1
7f9d1f41f000-7f9d1f421000 rwxp 000b0000 08:06 117441308                  /usr/lib/libgio-2.0.so.0.2400.1
7f9d1f421000-7f9d1f422000 rwxp 00000000 00:00 0 
7f9d1f422000-7f9d1f43d000 r-xp 00000000 08:06 118237673                  /usr/lib/libgdk_pixbuf-2.0.so.0.2000.1
7f9d1f43d000-7f9d1f63c000 ---p 0001b000 08:06 118237673                  /usr/lib/libgdk_pixbuf-2.0.so.0.2000.1
7f9d1f63c000-7f9d1f63d000 r-xp 0001a000 08:06 118237673                  /usr/lib/libgdk_pixbuf-2.0.so.0.2000.1
7f9d1f63d000-7f9d1f63e000 rwxp 0001b000 08:06 118237673                  /usr/lib/libgdk_pixbuf-2.0.so.0.2000.1
7f9d1f63e000-7f9d1f76f000 r-xp 00000000 08:06 118448134                  /usr/lib/libX11.so.6.3.0
7f9d1f76f000-7f9d1f96f000 ---p 00131000 08:06 118448134                  /usr/lib/libX11.so.6.3.0
7f9d1f96f000-7f9d1f970000 r-xp 00131000 08:06 118448134                  /usr/lib/libX11.so.6.3.0
7f9d1f970000-7f9d1f974000 rwxp 00132000 08:06 118448134                  /usr/lib/libX11.so.6.3.0
7f9d1f974000-7f9d1f9f3000 r-xp 00000000 08:06 118448845                  /usr/lib/libcairo.so.2.10800.10
7f9d1f9f3000-7f9d1fbf3000 ---p 0007f000 08:06 118448845                  /usr/lib/libcairo.so.2.10800.10
7f9d1fbf3000-7f9d1fbf5000 r-xp 0007f000 08:06 118448845                  /usr/lib/libcairo.so.2.10800.10
7f9d1fbf5000-7f9d1fbf6000 rwxp 00081000 08:06 118448845                  /usr/lib/libcairo.so.2.10800.10
7f9d1fbf6000-7f9d1fbf7000 rwxp 00000000 00:00 0 
7f9d1fbf7000-7f9d1fbfc000 r-xp 00000000 08:06 117740172                  /usr/lib/libXfixes.so.3.1.0
7f9d1fbfc000-7f9d1fdfb000 ---p 00005000 08:06 117740172                  /usr/lib/libXfixes.so.3.1.0
7f9d1fdfb000-7f9d1fdfc000 r-xp 00004000 08:06 117740172                  /usr/lib/libXfixes.so.3.1.0
7f9d1fdfc000-7f9d1fdfd000 rwxp 00005000 08:06 117740172                  /usr/lib/libXfixes.so.3.1.0
7f9d1fdfd000-7f9d1fdff000 r-xp 00000000 08:06 118150735                  /usr/lib/libXdamage.so.1.1.0
7f9d1fdff000-7f9d1fffe000 ---p 00002000 08:06 118150735                  /usr/lib/libXdamage.so.1.1.0
7f9d1fffe000-7f9d1ffff000 r-xp 00001000 08:06 118150735                  /usr/lib/libXdamage.so.1.1.0
7f9d1ffff000-7f9d20000000 rwxp 00002000 08:06 118150735                  /usr/lib/libXdamage.so.1.1.0
7f9d20000000-7f9d20181000 rwxp 00000000 00:00 0 
7f9d20181000-7f9d24000000 ---p 00000000 00:00 0 
7f9d24021000-7f9d2413f000 r-xp 00000000 08:06 19091142                   /usr/lib/locale/en_GB.utf8/LC_COLLATE
7f9d2413f000-7f9d24141000 r-xp 00000000 08:06 117740175                  /usr/lib/libXcomposite.so.1.0.0
7f9d24141000-7f9d24340000 ---p 00002000 08:06 117740175                  /usr/lib/libXcomposite.so.1.0.0
7f9d24340000-7f9d24341000 r-xp 00001000 08:06 117740175                  /usr/lib/libXcomposite.so.1.0.0
7f9d24341000-7f9d24342000 rwxp 00002000 08:06 117740175                  /usr/lib/libXcomposite.so.1.0.0
7f9d24342000-7f9d2434b000 r-xp 00000000 08:06 117516894                  /usr/lib/libXcursor.so.1.0.2
7f9d2434b000-7f9d2454a000 ---p 00009000 08:06 117516894                  /usr/lib/libXcursor.so.1.0.2
7f9d2454a000-7f9d2454b000 r-xp 00008000 08:06 117516894                  /usr/lib/libXcursor.so.1.0.2
7f9d2454b000-7f9d2454c000 rwxp 00009000 08:06 117516894                  /usr/lib/libXcursor.so.1.0.2
7f9d2454c000-7f9d24554000 r-xp 00000000 08:06 117561402                  /usr/lib/libXrandr.so.2.2.0
7f9d24554000-7f9d24753000 ---p 00008000 08:06 117561402                  /usr/lib/libXrandr.so.2.2.0
7f9d24753000-7f9d24754000 r-xp 00007000 08:06 117561402                  /usr/lib/libXrandr.so.2.2.0
7f9d24754000-7f9d24755000 rwxp 00008000 08:06 117561402                  /usr/lib/libXrandr.so.2.2.0
7f9d24755000-7f9d24764000 r-xp 00000000 08:06 118448095                  /usr/lib/libXi.so.6.1.0
7f9d24764000-7f9d24963000 ---p 0000f000 08:06 118448095                  /usr/lib/libXi.so.6.1.0
7f9d24963000-7f9d24964000 r-xp 0000e000 08:06 118448095                  /usr/lib/libXi.so.6.1.0
7f9d24964000-7f9d24965000 rwxp 0000f000 08:06 118448095                  /usr/lib/libXi.so.6.1.0
7f9d24965000-7f9d24967000 r-xp 00000000 08:06 118616457                  /usr/lib/libXinerama.so.1.0.0
7f9d24967000-7f9d24b66000 ---p 00002000 08:06 118616457                  /usr/lib/libXinerama.so.1.0.0
7f9d24b66000-7f9d24b67000 r-xp 00001000 08:06 118616457                  /usr/lib/libXinerama.so.1.0.0
7f9d24b67000-7f9d24b68000 rwxp 00002000 08:06 118616457                  /usr/lib/libXinerama.so.1.0.0
7f9d24b68000-7f9d24b71000 r-xp 00000000 08:06 117560611                  /usr/lib/libXrender.so.1.3.0
7f9d24b71000-7f9d24d70000 ---p 00009000 08:06 117560611                  /usr/lib/libXrender.so.1.3.0
7f9d24d70000-7f9d24d71000 r-xp 00008000 08:06 117560611                  /usr/lib/libXrender.so.1.3.0
7f9d24d71000-7f9d24d72000 rwxp 00009000 08:06 117560611                  /usr/lib/libXrender.so.1.3.0
7f9d24d72000-7f9d24d83000 r-xp 00000000 08:06 117561378                  /usr/lib/libXext.so.6.4.0
7f9d24d83000-7f9d24f82000 ---p 00011000 08:06 117561378                  /usr/lib/libXext.so.6.4.0
7f9d24f82000-7f9d24f83000 r-xp 00010000 08:06 117561378                  /usr/lib/libXext.so.6.4.0
7f9d24f83000-7f9d24f84000 rwxp 00011000 08:06 117561378                  /usr/lib/libXext.so.6.4.0
7f9d24f84000-7f9d24fb7000 r-xp 00000000 08:06 117495953                  /usr/lib/libfontconfig.so.1.4.4
7f9d24fb7000-7f9d251b7000 ---p 00033000 08:06 117495953                  /usr/lib/libfontconfig.so.1.4.4
7f9d251b7000-7f9d251b8000 r-xp 00033000 08:06 117495953                  /usr/lib/libfontconfig.so.1.4.4
7f9d251b8000-7f9d251b9000 rwxp 00034000 08:06 117495953                  /usr/lib/libfontconfig.so.1.4.4
7f9d251b9000-7f9d25200000 r-xp 00000000 08:06 118034718                  /usr/lib/libpango-1.0.so.0.2800.0
7f9d25200000-7f9d25400000 ---p 00047000 08:06 118034718                  /usr/lib/libpango-1.0.so.0.2800.0
7f9d25400000-7f9d25402000 r-xp 00047000 08:06 118034718                  /usr/lib/libpango-1.0.so.0.2800.0
7f9d25402000-7f9d25403000 rwxp 00049000 08:06 118034718                  /usr/lib/libpango-1.0.so.0.2800.0
7f9d25403000-7f9d2540e000 r-xp 00000000 08:06 118034723                  /usr/lib/libpangocairo-1.0.so.0.2800.0
7f9d2540e000-7f9d2560e000 ---p 0000b000 08:06 118034723                  /usr/lib/libpangocairo-1.0.so.0.2800.0
7f9d2560e000-7f9d2560f000 r-xp 0000b000 08:06 118034723                  /usr/lib/libpangocairo-1.0.so.0.2800.0
7f9d2560f000-7f9d25610000 rwxp 0000c000 08:06 118034723                  /usr/lib/libpangocairo-1.0.so.0.2800.0
7f9d25610000-7f9d256b8000 r-xp 00000000 08:06 117728415                  /usr/lib/libgdk-x11-2.0.so.0.2000.1
7f9d256b8000-7f9d258b7000 ---p 000a8000 08:06 117728415                  /usr/lib/libgdk-x11-2.0.so.0.2000.1
7f9d258b7000-7f9d258bb000 r-xp 000a7000 08:06 117728415                  /usr/lib/libgdk-x11-2.0.so.0.2000.1
7f9d258bb000-7f9d258bd000 rwxp 000ab000 08:06 117728415                  /usr/lib/libgdk-x11-2.0.so.0.2000.1
7f9d258bd000-7f9d258ea000 r-xp 00000000 08:06 83919222                   /lib/libpcre.so.3.12.1
7f9d258ea000-7f9d25ae9000 ---p 0002d000 08:06 83919222                   /lib/libpcre.so.3.12.1
7f9d25ae9000-7f9d25aea000 r-xp 0002c000 08:06 83919222                   /lib/libpcre.so.3.12.1
7f9d25aea000-7f9d25aeb000 rwxp 0002d000 08:06 83919222                   /lib/libpcre.so.3.12.1
7f9d25aeb000-7f9d25bc6000 r-xp 00000000 08:06 83886364                   /lib/libglib-2.0.so.0.2400.1
7f9d25bc6000-7f9d25dc6000 ---p 000db000 08:06 83886364                   /lib/libglib-2.0.so.0.2400.1
7f9d25dc6000-7f9d25dc7000 r-xp 000db000 08:06 83886364                   /lib/libglib-2.0.so.0.2400.1
7f9d25dc7000-7f9d25dc8000 rwxp 000dc000 08:06 83886364                   /lib/libglib-2.0.so.0.2400.1
7f9d25dc8000-7f9d25dc9000 rwxp 00000000 00:00 0 
7f9d25dc9000-7f9d25dcd000 r-xp 00000000 08:06 117441305                  /usr/lib/libgthread-2.0.so.0.2400.1
7f9d25dcd000-7f9d25fcc000 ---p 00004000 08:06 117441305                  /usr/lib/libgthread-2.0.so.0.2400.1
7f9d25fcc000-7f9d25fcd000 r-xp 00003000 08:06 117441305                  /usr/lib/libgthread-2.0.so.0.2400.1
7f9d25fcd000-7f9d25fce000 rwxp 00004000 08:06 117441305                  /usr/lib/libgthread-2.0.so.0.2400.1
7f9d25fce000-7f9d26013000 r-xp 00000000 08:06 117440672                  /usr/lib/libgobject-2.0.so.0.2400.1
7f9d26013000-7f9d26213000 ---p 00045000 08:06 117440672                  /usr/lib/libgobject-2.0.so.0.2400.1
7f9d26213000-7f9d26214000 r-xp 00045000 08:06 117440672                  /usr/lib/libgobject-2.0.so.0.2400.1
7f9d26214000-7f9d26215000 rwxp 00046000 08:06 117440672                  /usr/lib/libgobject-2.0.so.0.2400.1
7f9d26215000-7f9d26216000 rwxp 00000000 00:00 0 
7f9d2623c000-7f9d2624b000 r-xp 00000000 00:18 274271791                  /usr/local/packages/eclipse-3.6/plugins/org.eclipse.equinox.launcher.gtk.linux.x86_64_1.1.1.R36x_v20100810/eclipse_1309.so
7f9d2624b000-7f9d2634a000 ---p 0000f000 00:18 274271791                  /usr/local/packages/eclipse-3.6/plugins/org.eclipse.equinox.launcher.gtk.linux.x86_64_1.1.1.R36x_v20100810/eclipse_1309.so
7f9d2634a000-7f9d2634c000 rwxp 0000e000 00:18 274271791                  /usr/local/packages/eclipse-3.6/plugins/org.eclipse.equinox.launcher.gtk.linux.x86_64_1.1.1.R36x_v20100810/eclipse_1309.so
7f9d2634c000-7f9d2634d000 ---p 00000000 00:00 0 
7f9d2634d000-7f9d2644d000 rwxp 00000000 00:00 0 
7f9d2644d000-7f9d26450000 ---p 00000000 00:00 0 
7f9d26450000-7f9d2654e000 rwxp 00000000 00:00 0 
7f9d2654e000-7f9d26551000 ---p 00000000 00:00 0 
7f9d26551000-7f9d2664f000 rwxp 00000000 00:00 0 
7f9d2664f000-7f9d26652000 ---p 00000000 00:00 0 
7f9d26652000-7f9d26750000 rwxp 00000000 00:00 0 
7f9d26750000-7f9d26753000 ---p 00000000 00:00 0 
7f9d26753000-7f9d26851000 rwxp 00000000 00:00 0 
7f9d26851000-7f9d26890000 r-xp 00000000 08:06 19091206                   /usr/lib/locale/en_GB.utf8/LC_CTYPE
7f9d26890000-7f9d26893000 ---p 00000000 00:00 0 
7f9d26893000-7f9d26991000 rwxp 00000000 00:00 0 
7f9d26991000-7f9d26994000 ---p 00000000 00:00 0 
7f9d26994000-7f9d26a92000 rwxp 00000000 00:00 0 
7f9d26a92000-7f9d26a93000 ---p 00000000 00:00 0 
7f9d26a93000-7f9d274d0000 rwxp 00000000 00:00 0 
7f9d274d0000-7f9d27667000 r-xs 03014000 00:18 270677880                  /usr/local/packages/jdk1.6.0_21/jre/lib/rt.jar
7f9d27667000-7f9d27668000 ---p 00000000 00:00 0 
7f9d27668000-7f9d27768000 rwxp 00000000 00:00 0 
7f9d27768000-7f9d27769000 ---p 00000000 00:00 0 
7f9d27769000-7f9d27869000 rwxp 00000000 00:00 0 
7f9d27869000-7f9d2786a000 ---p 00000000 00:00 0 
7f9d2786a000-7f9d2796a000 rwxp 00000000 00:00 0 
7f9d2796a000-7f9d2796b000 ---p 00000000 00:00 0 
7f9d2796b000-7f9d27a6b000 rwxp 00000000 00:00 0 
7f9d27a6b000-7f9d27a6c000 ---p 00000000 00:00 0 
7f9d27a6c000-7f9d27b6c000 rwxp 00000000 00:00 0 
7f9d27b6c000-7f9d27b6d000 ---p 00000000 00:00 0 
7f9d27b6d000-7f9d27c6d000 rwxp 00000000 00:00 0 
7f9d27c6d000-7f9d27c6e000 ---p 00000000 00:00 0 
7f9d27c6e000-7f9d27d6e000 rwxp 00000000 00:00 0 
7f9d27d6e000-7f9d27d6f000 ---p 00000000 00:00 0 
7f9d27d6f000-7f9d27e7a000 rwxp 00000000 00:00 0 
7f9d27e7a000-7f9d27eef000 rwxp 00000000 00:00 0 
7f9d27eef000-7f9d27efd000 rwxp 00000000 00:00 0 
7f9d27efd000-7f9d27f6f000 rwxp 00000000 00:00 0 
7f9d27f6f000-7f9d27f7a000 rwxp 00000000 00:00 0 
7f9d27f7a000-7f9d27fef000 rwxp 00000000 00:00 0 
7f9d27fef000-7f9d27ffd000 rwxp 00000000 00:00 0 
7f9d27ffd000-7f9d2806f000 rwxp 00000000 00:00 0 
7f9d2806f000-7f9d28076000 rwxp 00000000 00:00 0 
7f9d28076000-7f9d280af000 rwxp 00000000 00:00 0 
7f9d280af000-7f9d29570000 rwxp 00000000 00:00 0 
7f9d29570000-7f9d380b0000 rwxp 00000000 00:00 0 
7f9d380b0000-7f9d39b60000 rwxp 00000000 00:00 0 
7f9d39b60000-7f9d480b0000 rwxp 00000000 00:00 0 
7f9d480b0000-7f9d48e00000 rwxp 00000000 00:00 0 
7f9d48e00000-7f9d500b0000 rwxp 00000000 00:00 0 
7f9d500bd000-7f9d5032d000 rwxp 00000000 00:00 0 
7f9d5032d000-7f9d530bd000 rwxp 00000000 00:00 0 
7f9d530bd000-7f9d530cb000 r-xp 00000000 00:18 674903241                  /usr/local/packages/jdk1.6.0_21/jre/lib/amd64/libzip.so
7f9d530cb000-7f9d531cd000 ---p 0000e000 00:18 674903241                  /usr/local/packages/jdk1.6.0_21/jre/lib/amd64/libzip.so
7f9d531cd000-7f9d531d0000 rwxp 00010000 00:18 674903241                  /usr/local/packages/jdk1.6.0_21/jre/lib/amd64/libzip.so
7f9d531d0000-7f9d531d1000 rwxp 00000000 00:00 0 
7f9d531d1000-7f9d531dd000 r-xp 00000000 08:06 84216325                   /lib/libnss_files-2.11.1.so
7f9d531dd000-7f9d533dc000 ---p 0000c000 08:06 84216325                   /lib/libnss_files-2.11.1.so
7f9d533dc000-7f9d533dd000 r-xp 0000b000 08:06 84216325                   /lib/libnss_files-2.11.1.so
7f9d533dd000-7f9d533de000 rwxp 0000c000 08:06 84216325                   /lib/libnss_files-2.11.1.so
7f9d533de000-7f9d533e8000 r-xp 00000000 08:06 84216327                   /lib/libnss_nis-2.11.1.so
7f9d533e8000-7f9d535e7000 ---p 0000a000 08:06 84216327                   /lib/libnss_nis-2.11.1.so
7f9d535e7000-7f9d535e8000 r-xp 00009000 08:06 84216327                   /lib/libnss_nis-2.11.1.so
7f9d535e8000-7f9d535e9000 rwxp 0000a000 08:06 84216327                   /lib/libnss_nis-2.11.1.so
7f9d535e9000-7f9d535f1000 r-xp 00000000 08:06 84216323                   /lib/libnss_compat-2.11.1.so
7f9d535f1000-7f9d537f0000 ---p 00008000 08:06 84216323                   /lib/libnss_compat-2.11.1.so
7f9d537f0000-7f9d537f1000 r-xp 00007000 08:06 84216323                   /lib/libnss_compat-2.11.1.so
7f9d537f1000-7f9d537f2000 rwxp 00008000 08:06 84216323                   /lib/libnss_compat-2.11.1.so
7f9d537f2000-7f9d537f9000 r-xp 00000000 00:18 873648403                  /usr/local/packages/jdk1.6.0_21/jre/lib/amd64/native_threads/libhpi.so
7f9d537f9000-7f9d538fa000 ---p 00007000 00:18 873648403                  /usr/local/packages/jdk1.6.0_21/jre/lib/amd64/native_threads/libhpi.so
7f9d538fa000-7f9d538fc000 rwxp 00008000 00:18 873648403                  /usr/local/packages/jdk1.6.0_21/jre/lib/amd64/native_threads/libhpi.so
7f9d538fc000-7f9d538fd000 rwxp 00000000 00:00 0 
7f9d538fd000-7f9d53914000 r-xp 00000000 08:06 84216322                   /lib/libnsl-2.11.1.so
7f9d53914000-7f9d53b13000 ---p 00017000 08:06 84216322                   /lib/libnsl-2.11.1.so
7f9d53b13000-7f9d53b14000 r-xp 00016000 08:06 84216322                   /lib/libnsl-2.11.1.so
7f9d53b14000-7f9d53b15000 rwxp 00017000 08:06 84216322                   /lib/libnsl-2.11.1.so
7f9d53b15000-7f9d53b17000 rwxp 00000000 00:00 0 
7f9d53b17000-7f9d53b3f000 r-xp 00000000 00:18 674903250                  /usr/local/packages/jdk1.6.0_21/jre/lib/amd64/libjava.so
7f9d53b3f000-7f9d53c3f000 ---p 00028000 00:18 674903250                  /usr/local/packages/jdk1.6.0_21/jre/lib/amd64/libjava.so
7f9d53c3f000-7f9d53c46000 rwxp 00028000 00:18 674903250                  /usr/local/packages/jdk1.6.0_21/jre/lib/amd64/libjava.so
7f9d53c46000-7f9d53c53000 r-xp 00000000 00:18 674903236                  /usr/local/packages/jdk1.6.0_21/jre/lib/amd64/libverify.so
7f9d53c53000-7f9d53d52000 ---p 0000d000 00:18 674903236                  /usr/local/packages/jdk1.6.0_21/jre/lib/amd64/libverify.so
7f9d53d52000-7f9d53d55000 rwxp 0000c000 00:18 674903236                  /usr/local/packages/jdk1.6.0_21/jre/lib/amd64/libverify.so
7f9d53d55000-7f9d53d5c000 r-xp 00000000 08:06 84216337                   /lib/librt-2.11.1.so
7f9d53d5c000-7f9d53f5b000 ---p 00007000 08:06 84216337                   /lib/librt-2.11.1.so
7f9d53f5b000-7f9d53f5c000 r-xp 00006000 08:06 84216337                   /lib/librt-2.11.1.so
7f9d53f5c000-7f9d53f5d000 rwxp 00007000 08:06 84216337                   /lib/librt-2.11.1.so
7f9d53f5d000-7f9d53f60000 ---p 00000000 00:00 0 
7f9d53f60000-7f9d5405e000 rwxp 00000000 00:00 0 
7f9d5405e000-7f9d540e0000 r-xp 00000000 08:06 84186775                   /lib/libm-2.11.1.so
7f9d540e0000-7f9d542df000 ---p 00082000 08:06 84186775                   /lib/libm-2.11.1.so
7f9d542df000-7f9d542e0000 r-xp 00081000 08:06 84186775                   /lib/libm-2.11.1.so
7f9d542e0000-7f9d542e1000 rwxp 00082000 08:06 84186775                   /lib/libm-2.11.1.so
7f9d542e1000-7f9d54abb000 r-xp 00000000 00:18 1007389733                 /usr/local/packages/jdk1.6.0_21/jre/lib/amd64/server/libjvm.so
7f9d54abb000-7f9d54bbd000 ---p 007da000 00:18 1007389733                 /usr/local/packages/jdk1.6.0_21/jre/lib/amd64/server/libjvm.so
7f9d54bbd000-7f9d54d4e000 rwxp 007dc000 00:18 1007389733                 /usr/local/packages/jdk1.6.0_21/jre/lib/amd64/server/libjvm.so
7f9d54d4e000-7f9d54d89000 rwxp 00000000 00:00 0 
7f9d54d89000-7f9d54f03000 r-xp 00000000 08:06 84134010                   /lib/libc-2.11.1.so
7f9d54f03000-7f9d55102000 ---p 0017a000 08:06 84134010                   /lib/libc-2.11.1.so
7f9d55102000-7f9d55106000 r-xp 00179000 08:06 84134010                   /lib/libc-2.11.1.so
7f9d55106000-7f9d55107000 rwxp 0017d000 08:06 84134010                   /lib/libc-2.11.1.so
7f9d55107000-7f9d5510c000 rwxp 00000000 00:00 0 
7f9d5510c000-7f9d5510e000 r-xp 00000000 08:06 84186774                   /lib/libdl-2.11.1.so
7f9d5510e000-7f9d5530e000 ---p 00002000 08:06 84186774                   /lib/libdl-2.11.1.so
7f9d5530e000-7f9d5530f000 r-xp 00002000 08:06 84186774                   /lib/libdl-2.11.1.so
7f9d5530f000-7f9d55310000 rwxp 00003000 08:06 84186774                   /lib/libdl-2.11.1.so
7f9d55310000-7f9d55328000 r-xp 00000000 08:06 84216333                   /lib/libpthread-2.11.1.so
7f9d55328000-7f9d55527000 ---p 00018000 08:06 84216333                   /lib/libpthread-2.11.1.so
7f9d55527000-7f9d55528000 r-xp 00017000 08:06 84216333                   /lib/libpthread-2.11.1.so
7f9d55528000-7f9d55529000 rwxp 00018000 08:06 84216333                   /lib/libpthread-2.11.1.so
7f9d55529000-7f9d5552d000 rwxp 00000000 00:00 0 
7f9d5552d000-7f9d5554d000 r-xp 00000000 08:06 83886451                   /lib/ld-2.11.1.so
7f9d55556000-7f9d55560000 rwxp 00000000 00:00 0 
7f9d55560000-7f9d55616000 rwxp 00000000 00:00 0 
7f9d55616000-7f9d55619000 rwxp 00000000 00:00 0 
7f9d55619000-7f9d55620000 r-xp 00000000 00:18 739700551                  /usr/local/packages/jdk1.6.0_21/jre/lib/amd64/jli/libjli.so
7f9d55620000-7f9d55721000 ---p 00007000 00:18 739700551                  /usr/local/packages/jdk1.6.0_21/jre/lib/amd64/jli/libjli.so
7f9d55721000-7f9d55723000 rwxp 00008000 00:18 739700551                  /usr/local/packages/jdk1.6.0_21/jre/lib/amd64/jli/libjli.so
7f9d55723000-7f9d55724000 rwxp 00000000 00:00 0 
7f9d5572d000-7f9d5572e000 r-xp 00000000 08:06 19091208                   /usr/lib/locale/en_GB.utf8/LC_NUMERIC
7f9d5572e000-7f9d5572f000 r-xp 00000000 08:06 19091185                   /usr/lib/locale/en_GB.utf8/LC_TIME
7f9d5572f000-7f9d55730000 r-xp 00000000 08:06 19091186                   /usr/lib/locale/en_GB.utf8/LC_MONETARY
7f9d55730000-7f9d55731000 r-xp 00000000 08:06 33836900                   /usr/lib/locale/en_GB.utf8/LC_MESSAGES/SYS_LC_MESSAGES
7f9d55731000-7f9d55732000 r-xp 00000000 08:06 19091187                   /usr/lib/locale/en_GB.utf8/LC_PAPER
7f9d55732000-7f9d55733000 r-xp 00000000 08:06 19091167                   /usr/lib/locale/en_GB.utf8/LC_NAME
7f9d55733000-7f9d55734000 r-xp 00000000 08:06 19091188                   /usr/lib/locale/en_GB.utf8/LC_ADDRESS
7f9d55734000-7f9d55735000 r-xp 00000000 08:06 19091189                   /usr/lib/locale/en_GB.utf8/LC_TELEPHONE
7f9d55735000-7f9d55736000 r-xp 00000000 08:06 19091190                   /usr/lib/locale/en_GB.utf8/LC_MEASUREMENT
7f9d55736000-7f9d55737000 r-xp 00000000 08:06 19091191                   /usr/lib/locale/en_GB.utf8/LC_IDENTIFICATION
7f9d55737000-7f9d55739000 r-xs 0000a000 00:18 204804211                  /usr/local/packages/eclipse-3.6/plugins/org.eclipse.equinox.launcher_1.1.0.v20100507.jar
7f9d55739000-7f9d55740000 r-xs 00000000 08:06 168167345                  /usr/lib/gconv/gconv-modules.cache
7f9d55740000-7f9d55748000 rwxs 00000000 08:06 16936951                   /tmp/hsperfdata_stsiab/20899
7f9d55748000-7f9d55749000 rwxp 00000000 00:00 0 
7f9d55749000-7f9d5574a000 r-xp 00000000 00:00 0 
7f9d5574a000-7f9d5574c000 rwxp 00000000 00:00 0 
7f9d5574c000-7f9d5574d000 r-xp 0001f000 08:06 83886451                   /lib/ld-2.11.1.so
7f9d5574d000-7f9d5574e000 rwxp 00020000 08:06 83886451                   /lib/ld-2.11.1.so
7f9d5574e000-7f9d5574f000 rwxp 00000000 00:00 0 
7fff47a97000-7fff47aad000 rwxp 00000000 00:00 0                          [stack]
7fff47bb6000-7fff47bb7000 r-xp 00000000 00:00 0                          [vdso]
ffffffffff600000-ffffffffff601000 r-xp 00000000 00:00 0                  [vsyscall]

VM Arguments:
jvm_args: -Dosgi.requiredJavaVersion=1.5 -XX:MaxPermSize=256m -Xms40m -Xmx384m 
java_command: /usr/local/packages/eclipse-3.6//plugins/org.eclipse.equinox.launcher_1.1.0.v20100507.jar -os linux -ws gtk -arch x86_64 -showsplash -launcher /usr/local/packages/eclipse-3.6/eclipse -name Eclipse --launcher.library /usr/local/packages/eclipse-3.6//plugins/org.eclipse.equinox.launcher.gtk.linux.x86_64_1.1.1.R36x_v20100810/eclipse_1309.so -startup /usr/local/packages/eclipse-3.6//plugins/org.eclipse.equinox.launcher_1.1.0.v20100507.jar -exitdata a00002 -product org.eclipse.epp.package.cpp.product -vm /usr/local/packages/jdk1.6.0_21/bin/java -vmargs -Dosgi.requiredJavaVersion=1.5 -XX:MaxPermSize=256m -Xms40m -Xmx384m -jar /usr/local/packages/eclipse-3.6//plugins/org.eclipse.equinox.launcher_1.1.0.v20100507.jar
Launcher Type: SUN_STANDARD

Environment Variables:
PATH=/usr/local/packages/eclipse-3.6:/usr/local/packages/valgrind-3.6.1/bin:/usr/local/packages/gdb-6.8/bin:/usr/local/packages/jdk1.6.0_21/bin:/usr/local/packages/openmpi-1.4.3/bin:/usr/local/packages/gcc-4.4.0/bin:/usr/local/sbin:/usr/local/bin:/usr/sbin:/usr/bin:/sbin:/bin:/usr/games:/usr/sge/bin/lx24-amd64:/usr/sge/bin/lx24-amd64
LD_LIBRARY_PATH=/usr/local/packages/jdk1.6.0_21/jre/lib/amd64/server:/usr/local/packages/jdk1.6.0_21/jre/lib/amd64:/usr/local/packages/jdk1.6.0_21/jre/../lib/amd64:/usr/local/packages/valgrind-3.6.1/lib:/usr/local/packages/gdb-6.8/lib64:/usr/local/packages/gdb-6.8/lib:/usr/local/packages/jdk1.6.0_21/lib:/usr/local/packages/boost_1_47_0/lib:/usr/local/packages/openmpi-1.4.3/lib:/usr/local/packages/gsl-1.15/lib:/usr/local/packages/gcc-4.4.0/lib64:/usr/local/packages/gcc-4.4.0/lib:/usr/lib64/xulrunner-addons
SHELL=/bin/bash
DISPLAY=buster:13.0

Signal Handlers:
SIGSEGV: [libjvm.so+0x7311c0], sa_mask[0]=0x7ffbfeff, sa_flags=0x10000004
SIGBUS: [libjvm.so+0x7311c0], sa_mask[0]=0x7ffbfeff, sa_flags=0x10000004
SIGFPE: [libjvm.so+0x5f5da0], sa_mask[0]=0x7ffbfeff, sa_flags=0x10000004
SIGPIPE: SIG_IGN, sa_mask[0]=0x00001000, sa_flags=0x10000000
SIGXFSZ: [libjvm.so+0x5f5da0], sa_mask[0]=0x7ffbfeff, sa_flags=0x10000004
SIGILL: [libjvm.so+0x5f5da0], sa_mask[0]=0x7ffbfeff, sa_flags=0x10000004
SIGUSR1: SIG_DFL, sa_mask[0]=0x00000000, sa_flags=0x00000000
SIGUSR2: [libjvm.so+0x5f85c0], sa_mask[0]=0x00000000, sa_flags=0x10000004
SIGHUP: [libjvm.so+0x5f8310], sa_mask[0]=0x7ffbfeff, sa_flags=0x10000004
SIGINT: [libjvm.so+0x5f8310], sa_mask[0]=0x7ffbfeff, sa_flags=0x10000004
SIGTERM: [libjvm.so+0x5f8310], sa_mask[0]=0x7ffbfeff, sa_flags=0x10000004
SIGQUIT: [libjvm.so+0x5f8310], sa_mask[0]=0x7ffbfeff, sa_flags=0x10000004


---------------  S Y S T E M  ---------------

OS:squeeze/sid

uname:Linux 2.6.32-33-server #72-Ubuntu SMP Fri Jul 29 21:21:55 UTC 2011 x86_64
libc:glibc 2.11.1 NPTL 2.11.1 
rlimit: STACK 8192k, CORE 0k, NPROC infinity, NOFILE 1024, AS 4194304k
load average:1.75 1.66 1.60

CPU:total 8 (4 cores per cpu, 1 threads per core) family 6 model 23 stepping 10, cmov, cx8, fxsr, mmx, sse, sse2, sse3, ssse3, sse4.1

Memory: 4k page, physical 8189336k(1029084k free), swap 19535000k(19522704k free)

vm_info: Java HotSpot(TM) 64-Bit Server VM (17.0-b16) for linux-amd64 JRE (1.6.0_21-b06), built on Jun 22 2010 01:10:00 by "java_re" with gcc 3.2.2 (SuSE Linux)

time: Thu Sep 15 11:13:17 2011
elapsed time: 0 seconds

